=====================================================================
== F:\Arma3server\Arma 3 Server\arma3server.exe
== "arma3server.exe"  -mod=@Epoch;@EpochHive;@AllInArmaTerrainPackLite; -config=SC\config.cfg  -profiles=SC -cfg=SC\basic.cfg -name=SC -autoInit -loadMissionToMemory

Original output filename: Arma3Retail_Server
Exe timestamp: 2015/04/15 15:38:58
Current time:  2015/05/03 20:42:22

Type: Public
Branch: Stable
Version: 1.42.130340

Allocator: F:\Arma3server\Arma 3 Server\dll\tbb4malloc_bi.dll
=====================================================================

20:42:22 ManagerConfig()
20:42:23 Item STR_CONTROLS_TOOLTIPS_ACTION_IN_MAP listed twice
20:42:23 Item str_usract_action_in_map listed twice
20:42:23 Cannot register unknown string STR_USRACT_SWITCH_GUNS
20:42:23 Cannot register unknown string STR_USRACT_SWITCH_ROCKETS
20:42:23 Cannot register unknown string STR_USRACT_SWITCH_MISSILES
20:42:23 Cannot register unknown string STR_USRACT_SWITCH_BOMBS
20:42:23 Cannot register unknown string STR_CONTROLS_TOOLTIPS_SWITCH_GUNS
20:42:23 Cannot register unknown string STR_CONTROLS_TOOLTIPS_SWITCH_ROCKETS
20:42:23 Cannot register unknown string STR_CONTROLS_TOOLTIPS_SWITCH_MISSILES
20:42:23 Cannot register unknown string STR_CONTROLS_TOOLTIPS_SWITCH_BOMBS
20:42:31 Item str_a3_garage listed twice
20:42:31 Item STR_A3_Showcase_FiringFromVehicles_SITREP_text listed twice
20:42:31 Item STR_A3_DLC_PREMIUM_ITEM_NOTIFICATION_HELI_TEXT listed twice
20:42:31 Item STR_A3_DLC_PREMIUM_ITEM_NOTIFICATION_KART_TEXT listed twice
20:42:31 Item str_a3_flashlight1 listed twice
20:42:33 Updating base class ->Base, by a3\dubbing_radio_f\config.bin/CfgHQIdentities/PAPA_BEAR/
20:42:33 Updating base class ->Base, by a3\dubbing_radio_f\config.bin/CfgHQIdentities/AirBase/
20:42:33 Updating base class ->HouseBase, by a3\data_f\config.bin/CfgVehicles/House/
20:42:33 Updating base class ->Thing, by a3\data_f\config.bin/CfgVehicles/thingX/
20:42:33 Updating base class RscShortcutButton->RscButton, by a3\editor_f\config.bin/RscDisplayEditObject/Controls/B_OK/
20:42:33 Updating base class RscSliderH->RscXSliderH, by a3\editor_f\config.bin/RscDisplayEditObject/Slider/
20:42:33 Updating base class RscText->RscPicture, by a3\editor_f\config.bin/RscDisplayEditObject/Preview/
20:42:33 Updating base class RscShortcutButton->RscButton, by a3\editor_f\config.bin/RscDisplayMissionLoad/Controls/B_OK/
20:42:33 Updating base class RscShortcutButton->RscButton, by a3\editor_f\config.bin/RscDisplayMissionSave/Controls/B_OK/
20:42:33 Updating base class ->House, by a3\structures_f\config.bin/CfgVehicles/House_F/
20:42:33 Updating base class ->House_F, by a3\structures_f\config.bin/CfgVehicles/House_Small_F/
20:42:33 Updating base class ->Default, by a3\anims_f\config\sdr\config.bin/CfgMovesBasic/DefaultDie/
20:42:33 Updating base class ->RifleBaseLowStandActions, by a3\anims_f\config\sdr\config.bin/CfgMovesBasic/Actions/RifleBaseStandActions/
20:42:33 Updating base class ->Default, by a3\anims_f\config\sdr\config.bin/CfgMovesMaleSdr/States/Crew/
20:42:33 Updating base class ->StandBase, by a3\anims_f\config\sdr\config.bin/CfgMovesMaleSdr/States/AmovPercMstpSnonWnonDnon/
20:42:33 Updating base class ->RscControlsGroup, by a3\ui_f\config.bin/RscControlsGroupNoScrollbars/
20:42:33 Updating base class ->RscControlsGroup, by a3\ui_f\config.bin/RscControlsGroupNoHScrollbars/
20:42:33 Updating base class ->RscControlsGroup, by a3\ui_f\config.bin/RscControlsGroupNoVScrollbars/
20:42:33 Updating base class ->RscText, by a3\ui_f\config.bin/RscLine/
20:42:33 Updating base class ->RscActiveText, by a3\ui_f\config.bin/RscActivePicture/
20:42:33 Updating base class ->RscButton, by a3\ui_f\config.bin/RscButtonTextOnly/
20:42:33 Updating base class ->RscShortcutButton, by a3\ui_f\config.bin/RscShortcutButtonMain/
20:42:33 Updating base class ->RscShortcutButton, by a3\ui_f\config.bin/RscButtonEditor/
20:42:33 Updating base class ->RscShortcutButton, by a3\ui_f\config.bin/RscIGUIShortcutButton/
20:42:33 Updating base class ->RscShortcutButton, by a3\ui_f\config.bin/RscGearShortcutButton/
20:42:33 Updating base class ->RscShortcutButton, by a3\ui_f\config.bin/RscButtonMenu/
20:42:33 Updating base class ->RscButtonMenu, by a3\ui_f\config.bin/RscButtonMenuOK/
20:42:33 Updating base class ->RscButtonMenu, by a3\ui_f\config.bin/RscButtonMenuCancel/
20:42:33 Updating base class ->RscButtonMenu, by a3\ui_f\config.bin/RscButtonMenuSteam/
20:42:33 Updating base class ->RscText, by a3\ui_f\config.bin/RscLoadingText/
20:42:33 Updating base class ->RscListBox, by a3\ui_f\config.bin/RscIGUIListBox/
20:42:33 Updating base class ->RscListNBox, by a3\ui_f\config.bin/RscIGUIListNBox/
20:42:33 Updating base class ->RscText, by a3\ui_f\config.bin/RscBackground/
20:42:33 Updating base class ->RscText, by a3\ui_f\config.bin/RscBackgroundGUI/
20:42:33 Updating base class ->RscPicture, by a3\ui_f\config.bin/RscBackgroundGUILeft/
20:42:33 Updating base class ->RscPicture, by a3\ui_f\config.bin/RscBackgroundGUIRight/
20:42:33 Updating base class ->RscPicture, by a3\ui_f\config.bin/RscBackgroundGUIBottom/
20:42:33 Updating base class ->RscText, by a3\ui_f\config.bin/RscBackgroundGUITop/
20:42:33 Updating base class ->RscText, by a3\ui_f\config.bin/RscBackgroundGUIDark/
20:42:33 Updating base class ->RscPictureKeepAspect, by a3\ui_f\config.bin/RscBackgroundLogo/
20:42:33 Updating base class ->RscMapControl, by a3\ui_f\config.bin/RscMapControlEmpty/
20:42:33 Updating base class ->RscPicture, by a3\ui_f\config.bin/CA_Mainback/
20:42:33 Updating base class ->CA_Mainback, by a3\ui_f\config.bin/CA_Back/
20:42:33 Updating base class ->CA_Mainback, by a3\ui_f\config.bin/CA_Title_Back/
20:42:33 Updating base class ->CA_Mainback, by a3\ui_f\config.bin/CA_Black_Back/
20:42:33 Updating base class ->RscTitle, by a3\ui_f\config.bin/CA_Title/
20:42:33 Updating base class ->RscPictureKeepAspect, by a3\ui_f\config.bin/CA_Logo/
20:42:33 Updating base class ->CA_Logo, by a3\ui_f\config.bin/CA_Logo_Small/
20:42:33 Updating base class ->RscButton, by a3\ui_f\config.bin/CA_RscButton/
20:42:33 Updating base class ->CA_RscButton, by a3\ui_f\config.bin/CA_RscButton_dialog/
20:42:33 Updating base class ->RscActiveText, by a3\ui_f\config.bin/CA_Ok/
20:42:33 Updating base class ->RscText, by a3\ui_f\config.bin/CA_Ok_image/
20:42:33 Updating base class ->RscText, by a3\ui_f\config.bin/CA_Ok_image2/
20:42:33 Updating base class ->RscText, by a3\ui_f\config.bin/CA_Ok_text/
20:42:33 Updating base class ->RscPicture, by a3\ui_f\config.bin/RscVignette/
20:42:33 Updating base class ->RscControlsGroupNoScrollbars, by a3\ui_f\config.bin/RscMapControlTooltip/
20:42:33 Updating base class RscShortcutButton->RscButtonMenu, by a3\ui_f\config.bin/RscDisplayDebug/Controls/B_OK/
20:42:33 Updating base class RscShortcutButton->RscButtonMenu, by a3\ui_f\config.bin/RscDisplayDebug/Controls/B_Cancel/
20:42:33 Updating base class RscShortcutButton->RscButtonMenu, by a3\ui_f\config.bin/RscDisplayDebug/Controls/B_Clear/
20:42:33 Updating base class ->RscText, by a3\ui_f\config.bin/RscDisplayCapture/controls/TimeLines/
20:42:33 Updating base class RscShortcutButton->RscButtonMenu, by a3\ui_f\config.bin/RscDisplayCapture/controls/ButtonAverages/
20:42:33 Updating base class RscShortcutButton->RscButtonMenu, by a3\ui_f\config.bin/RscDisplayCapture/controls/ButtonSavePreviousData/
20:42:33 Updating base class RscShortcutButton->RscButtonMenu, by a3\ui_f\config.bin/RscDisplayCapture/controls/ButtonPreviousData/
20:42:33 Updating base class RscControlsGroup->RscControlsGroupNoHScrollbars, by a3\ui_f\config.bin/RscDisplayMain/controls/ModIcons/
20:42:33 Updating base class RscPicture->RscPictureKeepAspect, by a3\ui_f\config.bin/RscDisplayMain/IconPicture/
20:42:33 Updating base class IconPicture->RscPictureKeepAspect, by a3\ui_f\config.bin/RscDisplayMain/DlcOwnedIconPicture/
20:42:33 Updating base class IconPicture->RscPictureKeepAspect, by a3\ui_f\config.bin/RscDisplayMain/DlcIconPicture/
20:42:33 Updating base class RscListBox->RscCombo, by a3\ui_f\config.bin/RscDisplayCustomizeController/Steepness/
20:42:33 Updating base class ->RscStandardDisplay, by a3\ui_f\config.bin/RscDisplayControlSchemes/
20:42:33 Updating base class ButtonOK->RscButtonMenuCancel, by a3\ui_f\config.bin/RscDisplayControlSchemes/controls/ButtonCancel/
20:42:33 Updating base class RscButton->RscButtonMenuOK, by a3\ui_f\config.bin/RscDisplayControlSchemes/controls/ButtonOK/
20:42:33 Updating base class RscPicture->RscPictureKeepAspect, by a3\ui_f\config.bin/RscDisplayFileSelectImage/controls/OverviewPicture/
20:42:33 Updating base class RscShortcutButton->RscButtonMenuCancel, by a3\ui_f\config.bin/RscDisplayFieldManual/controls/ButtonCancel/
20:42:33 Cannot delete class B_KickOff, it is referenced somewhere (used as a base class probably).
20:42:33 Updating base class RscButton->RscButtonMenuCancel, by a3\ui_f\config.bin/RscDisplayPublishMission/controls/ButtonCancel/
20:42:33 Updating base class RscShortcutButton->RscButtonMenuOK, by a3\ui_f\config.bin/RscDisplayPublishMissionSelectTags/controls/ButtonOK/
20:42:33 Updating base class ButtonOK->RscButtonMenuCancel, by a3\ui_f\config.bin/RscDisplayPublishMissionSelectTags/controls/ButtonCancel/
20:42:33 Updating base class ->RscSubmenu, by a3\ui_f\config.bin/RscMainMenu/
20:42:33 Cannot update non class from class a3\ui_f\config.bin/RscCallSupport/Items/
20:42:33 Cannot update non class from class a3\ui_f\config.bin/RscRadio/Items/
20:42:33 Updating base class CA_ServerDetailIsland->RscListBox, by a3\ui_f_mark\config.bin/RscDisplayMultiplayer/controls/CA_ServerDetailExpansion/
20:42:33 Updating base class CA_ServerDetailIsland->RscListBox, by a3\ui_f_mark\config.bin/RscDisplayMultiplayer/controls/CA_ServerDetailPlayers/
20:42:33 Updating base class RscStandardDisplay->, by a3\ui_f_mp_mark\config.bin/RscDisplayRespawn/
20:42:33 Updating base class ->BulletCore, by a3\weapons_f\config.bin/CfgAmmo/BulletBase/
20:42:33 Updating base class ->Default, by a3\weapons_f\config.bin/CfgMagazines/CA_Magazine/
20:42:33 Updating base class ->ReammoBox, by a3\weapons_f\config.bin/cfgVehicles/WeaponHolder/
20:42:33 Updating base class ->SlotInfo, by a3\weapons_f\config.bin/CowsSlot/
20:42:33 Updating base class ->SlotInfo, by a3\weapons_f\config.bin/PointerSlot/
20:42:33 Updating base class ->PistolCore, by a3\weapons_f\config.bin/cfgWeapons/Pistol/
20:42:33 Updating base class ->WeaponSlotsInfo, by a3\weapons_f\config.bin/cfgWeapons/Pistol_Base_F/WeaponSlotsInfo/
20:42:33 Updating base class ->Default, by a3\weapons_f\config.bin/cfgWeapons/ItemCore/
20:42:33 Updating base class ->ReammoBox, by a3\weapons_f\ammoboxes\config.bin/CfgVehicles/Bag_Base/
20:42:33 Updating base class ->ThingX, by a3\weapons_f\ammoboxes\config.bin/CfgVehicles/WeaponHolderSimulated/
20:42:33 Updating base class VestItem->ItemInfo, by a3\characters_f_mark\config.bin/cfgWeapons/V_PlateCarrierIAGL_dgtl/ItemInfo/
20:42:33 Updating base class NewTurret->, by a3\static_f_mark\designator_01\config.bin/CfgVehicles/StaticWeapon/Turrets/MainTurret/
20:42:33 Updating base class ->Ship, by a3\boat_f\config.bin/CfgVehicles/Ship_F/
20:42:33 Updating base class ->NewTurret, by a3\static_f\aa_01\config.bin/CfgVehicles/StaticWeapon/Turrets/MainTurret/
20:42:33 Updating base class ->SlotInfo, by a3\weapons_f_mark\config.bin/UnderBarrelSlot/
20:42:34 ragdollHitDmgLimit (0.000000) is lower than minimum (0.010000) and it was set to min.
20:42:34 Initializing Steam Manager
20:42:34 ManagerConfig()
20:42:34 unable to load subscribed content list. list will be updated from steam
20:42:34 unable to load published content list. list will be updated from steam
20:42:34 unable to load cached items meta info. save and update functionality will be broken
20:42:34 Starting initial content check.
20:42:34 Steam Manager initialized.
20:42:34 
20:42:34 ==== Loaded addons ====
20:42:34 
20:42:34 dta\bin.pbo - unknown
20:42:34 dta\core.pbo - 72362
20:42:34 dta\languagecore_f.pbo - 81684
20:42:34 F:\Arma3server\Arma 3 Server\@EpochHive\addons\a3eai.pbo - unknown
20:42:34 F:\Arma3server\Arma 3 Server\@EpochHive\addons\a3_epoch_server.pbo - unknown
20:42:34 F:\Arma3server\Arma 3 Server\@EpochHive\addons\a3_epoch_server_settings.pbo - unknown
20:42:34 F:\Arma3server\Arma 3 Server\@EpochHive\addons\sem.pbo - unknown
20:42:34 F:\Arma3server\Arma 3 Server\@Epoch\addons\a2_epoch_weapons.pbo - unknown
20:42:34 F:\Arma3server\Arma 3 Server\@Epoch\addons\a3_epoch_assets.pbo - unknown
20:42:34 F:\Arma3server\Arma 3 Server\@Epoch\addons\a3_epoch_assets_1.pbo - unknown
20:42:34 F:\Arma3server\Arma 3 Server\@Epoch\addons\a3_epoch_assets_2.pbo - unknown
20:42:34 F:\Arma3server\Arma 3 Server\@Epoch\addons\a3_epoch_assets_3.pbo - unknown
20:42:34 F:\Arma3server\Arma 3 Server\@Epoch\addons\a3_epoch_code.pbo - unknown
20:42:34 F:\Arma3server\Arma 3 Server\@Epoch\addons\a3_epoch_config.pbo - unknown
20:42:34 F:\Arma3server\Arma 3 Server\@Epoch\addons\a3_epoch_functions.pbo - unknown
20:42:34 F:\Arma3server\Arma 3 Server\@Epoch\addons\a3_epoch_language.pbo - unknown
20:42:34 F:\Arma3server\Arma 3 Server\@Epoch\addons\a3_epoch_structures.pbo - unknown
20:42:34 F:\Arma3server\Arma 3 Server\@Epoch\addons\a3_epoch_underground.pbo - unknown
20:42:34 F:\Arma3server\Arma 3 Server\@Epoch\addons\a3_epoch_vehicles.pbo - unknown
20:42:34 F:\Arma3server\Arma 3 Server\@Epoch\addons\a3_epoch_vehicles_1.pbo - unknown
20:42:34 F:\Arma3server\Arma 3 Server\@Epoch\addons\a3_epoch_weapons.pbo - unknown
20:42:34 F:\Arma3server\Arma 3 Server\mark\addons\anims_f_mark.ebo - 81946
20:42:34 F:\Arma3server\Arma 3 Server\mark\addons\characters_f_mark.ebo - 81648
20:42:34 F:\Arma3server\Arma 3 Server\mark\addons\data_f_mark.ebo - 81947
20:42:34 F:\Arma3server\Arma 3 Server\mark\addons\dubbing_f_mark.ebo - 81923
20:42:34 F:\Arma3server\Arma 3 Server\mark\addons\dubbing_f_mp_mark.ebo - 81923
20:42:34 F:\Arma3server\Arma 3 Server\mark\addons\functions_f_mark.ebo - 81923
20:42:34 F:\Arma3server\Arma 3 Server\mark\addons\functions_f_mp_mark.ebo - 81883
20:42:34 F:\Arma3server\Arma 3 Server\mark\addons\languagemissions_f_mark.ebo - 81931
20:42:34 F:\Arma3server\Arma 3 Server\mark\addons\languagemissions_f_mp_mark.ebo - 81965
20:42:34 F:\Arma3server\Arma 3 Server\mark\addons\language_f_mark.ebo - 81947
20:42:34 F:\Arma3server\Arma 3 Server\mark\addons\language_f_mp_mark.ebo - 81967
20:42:34 F:\Arma3server\Arma 3 Server\mark\addons\missions_f_mark.ebo - 81940
20:42:34 F:\Arma3server\Arma 3 Server\mark\addons\missions_f_mark_data.ebo - 81471
20:42:34 F:\Arma3server\Arma 3 Server\mark\addons\missions_f_mark_video.ebo - 81429
20:42:34 F:\Arma3server\Arma 3 Server\mark\addons\missions_f_mp_mark.ebo - 81940
20:42:34 F:\Arma3server\Arma 3 Server\mark\addons\missions_f_mp_mark_data.ebo - 81558
20:42:34 F:\Arma3server\Arma 3 Server\mark\addons\modules_f_mark.ebo - 81710
20:42:34 F:\Arma3server\Arma 3 Server\mark\addons\modules_f_mp_mark.ebo - 82050
20:42:34 F:\Arma3server\Arma 3 Server\mark\addons\music_f_mark.ebo - 81958
20:42:34 F:\Arma3server\Arma 3 Server\mark\addons\music_f_mark_music.ebo - 81930
20:42:34 F:\Arma3server\Arma 3 Server\mark\addons\sounds_f_mark.ebo - 81866
20:42:34 F:\Arma3server\Arma 3 Server\mark\addons\static_f_mark.ebo - 81968
20:42:34 F:\Arma3server\Arma 3 Server\mark\addons\structures_f_mark.ebo - 81185
20:42:34 F:\Arma3server\Arma 3 Server\mark\addons\supplies_f_mark.ebo - 79552
20:42:34 F:\Arma3server\Arma 3 Server\mark\addons\ui_f_mark.ebo - 81548
20:42:34 F:\Arma3server\Arma 3 Server\mark\addons\ui_f_mp_mark.ebo - 81901
20:42:34 F:\Arma3server\Arma 3 Server\mark\addons\weapons_f_mark.ebo - 81883
20:42:34 F:\Arma3server\Arma 3 Server\heli\addons\air_f_heli.pbo - 81040
20:42:34 F:\Arma3server\Arma 3 Server\heli\addons\anims_f_heli.pbo - 80475
20:42:34 F:\Arma3server\Arma 3 Server\heli\addons\boat_f_heli.pbo - 79398
20:42:34 F:\Arma3server\Arma 3 Server\heli\addons\cargoposes_f_heli.pbo - 80475
20:42:34 F:\Arma3server\Arma 3 Server\heli\addons\data_f_heli.pbo - 80757
20:42:34 F:\Arma3server\Arma 3 Server\heli\addons\dubbing_f_heli.pbo - 75138
20:42:34 F:\Arma3server\Arma 3 Server\heli\addons\functions_f_heli.pbo - 77667
20:42:34 F:\Arma3server\Arma 3 Server\heli\addons\languagemissions_f_heli.pbo - 76893
20:42:34 F:\Arma3server\Arma 3 Server\heli\addons\language_f_heli.pbo - 81931
20:42:34 F:\Arma3server\Arma 3 Server\heli\addons\missions_f_heli.pbo - 81235
20:42:34 F:\Arma3server\Arma 3 Server\heli\addons\missions_f_heli_data.pbo - 75977
20:42:34 F:\Arma3server\Arma 3 Server\heli\addons\missions_f_heli_video.pbo - 75065
20:42:34 F:\Arma3server\Arma 3 Server\heli\addons\modules_f_heli.pbo - 80344
20:42:34 F:\Arma3server\Arma 3 Server\heli\addons\music_f_heli.pbo - 76012
20:42:34 F:\Arma3server\Arma 3 Server\heli\addons\music_f_heli_music.pbo - 76012
20:42:34 F:\Arma3server\Arma 3 Server\heli\addons\soft_f_heli.pbo - 79398
20:42:34 F:\Arma3server\Arma 3 Server\heli\addons\sounds_f_heli.pbo - 79398
20:42:34 F:\Arma3server\Arma 3 Server\heli\addons\structures_f_heli.pbo - 80344
20:42:34 F:\Arma3server\Arma 3 Server\heli\addons\supplies_f_heli.pbo - 80344
20:42:34 F:\Arma3server\Arma 3 Server\heli\addons\ui_f_heli.pbo - 76986
20:42:34 F:\Arma3server\Arma 3 Server\kart\addons\anims_f_kart.pbo - 80475
20:42:34 F:\Arma3server\Arma 3 Server\kart\addons\characters_f_kart.pbo - 79903
20:42:34 F:\Arma3server\Arma 3 Server\kart\addons\data_f_kart.pbo - 80888
20:42:34 F:\Arma3server\Arma 3 Server\kart\addons\languagemissions_f_kart.pbo - 76770
20:42:34 F:\Arma3server\Arma 3 Server\kart\addons\language_f_kart.pbo - 80479
20:42:34 F:\Arma3server\Arma 3 Server\kart\addons\missions_f_kart.pbo - 76770
20:42:34 F:\Arma3server\Arma 3 Server\kart\addons\missions_f_kart_data.pbo - 75687
20:42:34 F:\Arma3server\Arma 3 Server\kart\addons\modules_f_kart.pbo - 80976
20:42:34 F:\Arma3server\Arma 3 Server\kart\addons\modules_f_kart_data.pbo - 74588
20:42:34 F:\Arma3server\Arma 3 Server\kart\addons\soft_f_kart.pbo - 81498
20:42:34 F:\Arma3server\Arma 3 Server\kart\addons\sounds_f_kart.pbo - 79398
20:42:34 F:\Arma3server\Arma 3 Server\kart\addons\structures_f_kart.pbo - 80293
20:42:34 F:\Arma3server\Arma 3 Server\kart\addons\ui_f_kart.pbo - 73106
20:42:34 F:\Arma3server\Arma 3 Server\kart\addons\weapons_f_kart.pbo - 80344
20:42:34 F:\Arma3server\Arma 3 Server\curator\addons\data_f_curator.pbo - 80721
20:42:34 F:\Arma3server\Arma 3 Server\curator\addons\functions_f_curator.pbo - 78988
20:42:34 F:\Arma3server\Arma 3 Server\curator\addons\language_f_curator.pbo - 81931
20:42:34 F:\Arma3server\Arma 3 Server\curator\addons\missions_f_curator.pbo - 80344
20:42:34 F:\Arma3server\Arma 3 Server\curator\addons\modules_f_curator.pbo - 81185
20:42:34 F:\Arma3server\Arma 3 Server\curator\addons\ui_f_curator.pbo - 78347
20:42:34 addons\a3.pbo - unknown
20:42:34 addons\air_f.pbo - 81260
20:42:34 addons\air_f_beta.pbo - 81193
20:42:34 addons\air_f_epb.pbo - 81040
20:42:34 addons\air_f_epc.pbo - 79398
20:42:34 addons\air_f_gamma.pbo - 79398
20:42:34 addons\animals_f.pbo - 79398
20:42:34 addons\animals_f_beta.pbo - 72362
20:42:34 addons\anims_f.pbo - 81710
20:42:34 addons\anims_f_bootcamp.pbo - 72362
20:42:34 addons\anims_f_data.pbo - 81091
20:42:34 addons\anims_f_epa.pbo - 78608
20:42:34 addons\anims_f_epc.pbo - 72362
20:42:34 addons\armor_f.pbo - 79716
20:42:34 addons\armor_f_beta.pbo - 80344
20:42:34 addons\armor_f_epb.pbo - 81040
20:42:34 addons\armor_f_epc.pbo - 80538
20:42:34 addons\armor_f_gamma.pbo - 81684
20:42:34 addons\baseconfig_f.pbo - 73106
20:42:34 addons\boat_f.pbo - 79398
20:42:34 addons\boat_f_beta.pbo - 79398
20:42:34 addons\boat_f_epc.pbo - 79398
20:42:34 addons\boat_f_gamma.pbo - 81040
20:42:34 addons\cargoposes_f.pbo - 78836
20:42:34 addons\characters_f.pbo - 81823
20:42:34 addons\characters_f_beta.pbo - 81258
20:42:34 addons\characters_f_bootcamp.pbo - 81823
20:42:34 addons\characters_f_epa.pbo - 81235
20:42:34 addons\characters_f_epb.pbo - 79398
20:42:34 addons\characters_f_epc.pbo - 81235
20:42:34 addons\characters_f_gamma.pbo - 79398
20:42:34 addons\data_f.pbo - 82006
20:42:34 addons\data_f_bootcamp.pbo - 76960
20:42:34 addons\drones_f.pbo - 81040
20:42:34 addons\dubbing_f.pbo - 73106
20:42:34 addons\dubbing_f_beta.pbo - 73106
20:42:34 addons\dubbing_f_bootcamp.pbo - 73106
20:42:34 addons\dubbing_f_epa.pbo - 73106
20:42:34 addons\dubbing_f_epb.pbo - 76110
20:42:34 addons\dubbing_f_epc.pbo - 73106
20:42:34 addons\dubbing_f_gamma.pbo - 73106
20:42:34 addons\dubbing_radio_f.pbo - 78704
20:42:34 addons\dubbing_radio_f_data.pbo - 78762
20:42:34 addons\editor_f.pbo - 74164
20:42:34 addons\functions_f.pbo - 81866
20:42:34 addons\functions_f_bootcamp.pbo - 81930
20:42:34 addons\functions_f_epa.pbo - 73434
20:42:34 addons\functions_f_epc.pbo - 73106
20:42:34 addons\languagemissions_f.pbo - 76893
20:42:34 addons\languagemissions_f_beta.pbo - 80928
20:42:34 addons\languagemissions_f_bootcamp.pbo - 81548
20:42:34 addons\languagemissions_f_epa.pbo - 76770
20:42:34 addons\languagemissions_f_epb.pbo - 79149
20:42:34 addons\languagemissions_f_epc.pbo - 79778
20:42:34 addons\languagemissions_f_gamma.pbo - 80928
20:42:34 addons\language_f.pbo - 81931
20:42:34 addons\language_f_beta.pbo - 81931
20:42:34 addons\language_f_bootcamp.pbo - 81931
20:42:34 addons\language_f_epa.pbo - 81931
20:42:34 addons\language_f_epb.pbo - 81931
20:42:34 addons\language_f_epc.pbo - 81931
20:42:34 addons\language_f_gamma.pbo - 81931
20:42:34 addons\map_altis.pbo - 81471
20:42:34 addons\map_altis_data.pbo - 80737
20:42:34 addons\map_altis_data_layers.pbo - 79087
20:42:34 addons\map_altis_data_layers_00_00.pbo - 79087
20:42:34 addons\map_altis_data_layers_00_01.pbo - 79087
20:42:34 addons\map_altis_data_layers_01_00.pbo - 79087
20:42:34 addons\map_altis_data_layers_01_01.pbo - 79087
20:42:34 addons\map_altis_scenes_f.pbo - 73106
20:42:34 addons\map_data.pbo - 81846
20:42:34 addons\map_stratis.pbo - 81471
20:42:34 addons\map_stratis_data.pbo - 80737
20:42:34 addons\map_stratis_data_layers.pbo - 79082
20:42:34 addons\map_stratis_scenes_f.pbo - 73106
20:42:34 addons\map_vr.pbo - 77601
20:42:34 addons\map_vr_scenes_f.pbo - 73106
20:42:34 addons\misc_f.pbo - 79398
20:42:34 addons\missions_f.pbo - 78843
20:42:34 addons\missions_f_beta.pbo - 81548
20:42:34 addons\missions_f_beta_data.pbo - 81548
20:42:34 addons\missions_f_beta_video.pbo - 73106
20:42:34 addons\missions_f_bootcamp.pbo - 81106
20:42:34 addons\missions_f_bootcamp_data.pbo - 72362
20:42:34 addons\missions_f_bootcamp_video.pbo - 75065
20:42:34 addons\missions_f_data.pbo - 73106
20:42:34 addons\missions_f_epa.pbo - 81772
20:42:34 addons\missions_f_epa_data.pbo - 73106
20:42:34 addons\missions_f_epa_video.pbo - 73106
20:42:34 addons\missions_f_epb.pbo - 80344
20:42:34 addons\missions_f_epb_data.pbo - 73106
20:42:34 addons\missions_f_epb_video.pbo - 73106
20:42:34 addons\missions_f_epc.pbo - 80344
20:42:34 addons\missions_f_epc_data.pbo - 73106
20:42:34 addons\missions_f_epc_video.pbo - 73106
20:42:34 addons\missions_f_gamma.pbo - 81923
20:42:34 addons\missions_f_gamma_data.pbo - 76877
20:42:34 addons\missions_f_gamma_video.pbo - 73106
20:42:34 addons\missions_f_video.pbo - 73106
20:42:34 addons\modules_f.pbo - 79398
20:42:34 addons\modules_f_beta.pbo - 81823
20:42:34 addons\modules_f_beta_data.pbo - 80976
20:42:34 addons\modules_f_bootcamp.pbo - 79398
20:42:34 addons\modules_f_data.pbo - 73106
20:42:34 addons\modules_f_epb.pbo - 79398
20:42:34 addons\music_f.pbo - 73106
20:42:34 addons\music_f_bootcamp.pbo - 73106
20:42:34 addons\music_f_bootcamp_music.pbo - 73106
20:42:34 addons\music_f_epa.pbo - 73106
20:42:34 addons\music_f_epa_music.pbo - 73106
20:42:34 addons\music_f_epb.pbo - 73106
20:42:34 addons\music_f_epb_music.pbo - 73106
20:42:34 addons\music_f_epc.pbo - 73106
20:42:34 addons\music_f_epc_music.pbo - 73106
20:42:34 addons\music_f_music.pbo - 73106
20:42:34 addons\plants_f.pbo - 80365
20:42:34 addons\roads_f.pbo - 80359
20:42:34 addons\rocks_f.pbo - 80359
20:42:34 addons\signs_f.pbo - 80365
20:42:34 addons\soft_f.pbo - 81154
20:42:34 addons\soft_f_beta.pbo - 81728
20:42:34 addons\soft_f_bootcamp.pbo - 80760
20:42:34 addons\soft_f_epc.pbo - 79398
20:42:34 addons\soft_f_gamma.pbo - 81091
20:42:34 addons\sounds_f.pbo - 81866
20:42:34 addons\sounds_f_bootcamp.pbo - 80410
20:42:34 addons\sounds_f_epb.pbo - 79398
20:42:34 addons\sounds_f_epc.pbo - 79398
20:42:34 addons\sounds_f_vehicles.pbo - 79715
20:42:34 addons\sounds_f_weapons.pbo - 80217
20:42:34 addons\static_f.pbo - 81684
20:42:34 addons\static_f_beta.pbo - 79398
20:42:34 addons\static_f_gamma.pbo - 79420
20:42:34 addons\structures_f.pbo - 81065
20:42:34 addons\structures_f_bootcamp.pbo - 81995
20:42:34 addons\structures_f_data.pbo - 79398
20:42:34 addons\structures_f_epa.pbo - 80293
20:42:34 addons\structures_f_epb.pbo - 80293
20:42:34 addons\structures_f_epc.pbo - 80293
20:42:34 addons\structures_f_households.pbo - 81823
20:42:34 addons\structures_f_ind.pbo - 80344
20:42:34 addons\structures_f_mil.pbo - 80292
20:42:34 addons\structures_f_wrecks.pbo - 80293
20:42:34 addons\uifonts_f.pbo - 73106
20:42:34 addons\uifonts_f_data.pbo - 73106
20:42:34 addons\ui_f.pbo - 81954
20:42:34 addons\ui_f_bootcamp.pbo - 76325
20:42:34 addons\ui_f_data.pbo - 81954
20:42:34 addons\weapons_f.pbo - 81905
20:42:34 addons\weapons_f_beta.pbo - 81905
20:42:34 addons\weapons_f_bootcamp.pbo - 81923
20:42:34 addons\weapons_f_epa.pbo - 81310
20:42:34 addons\weapons_f_epb.pbo - 80958
20:42:34 addons\weapons_f_epc.pbo - 80374
20:42:34 addons\weapons_f_gamma.pbo - 80772
20:42:34 
20:42:34 =======================
20:42:34 
20:42:34 ============================================================================================= List of mods ===============================================================================================
20:42:34 modsReadOnly = true
20:42:34 safeModsActivated = false
20:42:34 customMods = true
20:42:34 hash = '39FC291537C6AFBF037EBD28303C7118DA84944E'
20:42:34 hashShort = '8a9754a'
20:42:34                                               name |               modDir |    default |               origin |                                     hash | hashShort | fullPath
20:42:34 ----------------------------------------------------------------------------------------------------------------------------------------------------------------------------------------------------------
20:42:34                          @AllInArmaTerrainPackLite | @AllInArmaTerrainPackLite |      false |            NOT FOUND |                                          |           | 
20:42:34                                         @EpochHive |           @EpochHive |      false |             GAME DIR | 5c4e64a5fbfd6e889262565022c7ea1af081660f |  399e2284 | F:\Arma3server\Arma 3 Server\@EpochHive
20:42:34                                  Epoch Mod 0.3.0.2 |               @Epoch |      false |             GAME DIR | 805045f52c71bb8d5e10bd1dada1f74db4fc7d52 |  f407aa33 | F:\Arma3server\Arma 3 Server\@Epoch
20:42:34                                  Arma 3 DLC Bundle |            dlcbundle |       true |            NOT FOUND |                                          |           | 
20:42:34                                    Arma 3 Marksmen |                 mark |       true |             GAME DIR | 61fffcfffac61aa05ce164ead604e873d98cf4ad |  dd83b917 | F:\Arma3server\Arma 3 Server\mark
20:42:34                                 Arma 3 Helicopters |                 heli |       true |             GAME DIR | 84baa1abbb4bde8400500570de101716861cd167 |  ead8cc01 | F:\Arma3server\Arma 3 Server\heli
20:42:34                                       Arma 3 Karts |                 kart |       true |             GAME DIR | 7f4f5b99e2f6be1b038f49e1e85608ee16ec4670 |  49bc7563 | F:\Arma3server\Arma 3 Server\kart
20:42:34                                        Arma 3 Zeus |              curator |       true |             GAME DIR | a11bd0fd4dbcad3ae474be15610337fef36b01ea |  ef8d8177 | F:\Arma3server\Arma 3 Server\curator
20:42:34                                             Arma 3 |                   A3 |       true |            NOT FOUND |                                          |           | 
20:42:34 ==========================================================================================================================================================================================================
20:42:34 InitSound ...
20:42:35 InitSound - complete
20:42:35 PhysX3 SDK Init started ...
20:42:35 PhysX3 SDK Init ended.
20:42:35 EPE manager release (0|0|0)
20:42:35 EPE manager release (0|0|0)
20:42:35 Preloaded texture textureProne not found in bin\config.bin/CfgInGameUI/CfgStanceIndicatorTextures/
20:42:35 Preloaded texture textureProneAdjustDown not found in bin\config.bin/CfgInGameUI/CfgStanceIndicatorTextures/
20:42:35 Preloaded texture textureProneAdjustUp not found in bin\config.bin/CfgInGameUI/CfgStanceIndicatorTextures/
20:42:35 Preloaded texture textureProneAdjustLeft not found in bin\config.bin/CfgInGameUI/CfgStanceIndicatorTextures/
20:42:35 Preloaded texture textureProneAdjustRight not found in bin\config.bin/CfgInGameUI/CfgStanceIndicatorTextures/
20:42:35 Preloaded texture textureCrouch not found in bin\config.bin/CfgInGameUI/CfgStanceIndicatorTextures/
20:42:35 Preloaded texture textureCrouchAdjustDown not found in bin\config.bin/CfgInGameUI/CfgStanceIndicatorTextures/
20:42:35 Preloaded texture textureCrouchAdjustUp not found in bin\config.bin/CfgInGameUI/CfgStanceIndicatorTextures/
20:42:35 Preloaded texture textureCrouchAdjustLeft not found in bin\config.bin/CfgInGameUI/CfgStanceIndicatorTextures/
20:42:35 Preloaded texture textureCrouchAdjustRight not found in bin\config.bin/CfgInGameUI/CfgStanceIndicatorTextures/
20:42:35 Preloaded texture textureStand not found in bin\config.bin/CfgInGameUI/CfgStanceIndicatorTextures/
20:42:35 Preloaded texture textureStandAdjustDown not found in bin\config.bin/CfgInGameUI/CfgStanceIndicatorTextures/
20:42:35 Preloaded texture textureStandAdjustUp not found in bin\config.bin/CfgInGameUI/CfgStanceIndicatorTextures/
20:42:35 Preloaded texture textureStandAdjustLeft not found in bin\config.bin/CfgInGameUI/CfgStanceIndicatorTextures/
20:42:35 Preloaded texture textureStandAdjustRight not found in bin\config.bin/CfgInGameUI/CfgStanceIndicatorTextures/
20:42:36 Attempt to override final function - rscminimap_script
20:42:36 Attempt to override final function - rscdisplayloading_script
20:42:36 Attempt to override final function - rscdisplayloading_script
20:42:36 Attempt to override final function - rscdisplayloading_script
20:42:36 Attempt to override final function - rscdiary_script
20:42:36 Attempt to override final function - rscdisplaysinglemission_script
20:42:36 Attempt to override final function - rscdiary_script
20:42:36 Attempt to override final function - rscdisplayremotemissions_script
20:42:36 Attempt to override final function - rscdisplayloading_script
20:42:36 Attempt to override final function - rscdiary_script
20:42:36 Attempt to override final function - rscdiary_script
20:42:36 Attempt to override final function - rscdisplaystrategicmap_script
20:42:36 Attempt to override final function - rscdisplaycommon_script
20:42:36 Attempt to override final function - rscdisplayloading_script
20:42:37 Attempt to override final function - rscdisplaycurator_script
20:42:37 Attempt to override final function - rscdisplayattributes_script
20:42:37 Attempt to override final function - rscdisplayattributes_script
20:42:37 Attempt to override final function - rscdisplayattributes_script
20:42:37 Attempt to override final function - rscdisplaywelcome_script
20:42:37 Attempt to override final function - rscdisplaywelcome_script
20:42:37 Attempt to override final function - rscdisplaywelcome_script
20:42:37 Attempt to override final function - rscdisplaycommon_script
20:42:37 Attempt to override final function - rscdisplaydebriefing_script
20:42:37 Attempt to override final function - rscunitinfo_script
20:42:37 Attempt to override final function - rscunitinfo_script
20:42:37 Attempt to override final function - rscunitinfo_script
20:42:37 Attempt to override final function - rscunitinfo_script
20:42:37 Attempt to override final function - rscunitinfo_script
20:42:37 Attempt to override final function - rscunitinfo_script
20:42:37 Attempt to override final function - rscunitinfo_script
20:42:37 Attempt to override final function - rscunitinfo_script
20:42:37 Attempt to override final function - rscunitinfo_script
20:42:37 Attempt to override final function - rscunitinfo_script
20:42:37 Attempt to override final function - rscunitinfo_script
20:42:37 Attempt to override final function - rscunitinfo_script
20:42:37 Attempt to override final function - rscunitinfo_script
20:42:37 Attempt to override final function - rscunitinfo_script
20:42:37 Attempt to override final function - rscunitinfo_script
20:42:37 Attempt to override final function - rscunitinfo_script
20:42:37 Attempt to override final function - rscunitinfo_script
20:42:37 Attempt to override final function - rscunitinfo_script
20:42:37 Attempt to override final function - rscunitinfo_script
20:42:37 Attempt to override final function - rscunitinfo_script
20:42:37 Attempt to override final function - rscunitinfo_script
20:42:37 Attempt to override final function - rscunitinfo_script
20:42:37 Attempt to override final function - rscunitinfo_script
20:42:37 Attempt to override final function - rscunitinfo_script
20:42:37 Attempt to override final function - rscunitinfo_script
20:42:37 Attempt to override final function - rscunitinfo_script
20:42:37 Attempt to override final function - rscunitinfo_script
20:42:37 Attempt to override final function - rscunitinfo_script
20:42:37 Attempt to override final function - rscunitinfo_script
20:42:37 Attempt to override final function - rscunitinfo_script
20:42:37 Attempt to override final function - rscunitinfo_script
20:42:37 Attempt to override final function - rscunitinfo_script
20:42:37 Attempt to override final function - rscunitinfo_script
20:42:37 Attempt to override final function - rscunitinfo_script
20:42:37 Attempt to override final function - rscunitinfo_script
20:42:37 Attempt to override final function - rscunitinfo_script
20:42:37 Attempt to override final function - rscunitinfo_script
20:42:37 Attempt to override final function - rscunitinfo_script
20:42:37 Attempt to override final function - rscunitinfo_script
20:42:37 Attempt to override final function - rscunitinfo_script
20:42:37 Attempt to override final function - rscunitinfo_script
20:42:37 Attempt to override final function - rscunitinfo_script
20:42:37 Attempt to override final function - rscunitinfo_script
20:42:37 Attempt to override final function - rscunitinfo_script
20:42:37 Attempt to override final function - rscunitinfo_script
20:42:37 Attempt to override final function - rscunitinfo_script
20:42:37 Attempt to override final function - rscunitinfo_script
20:42:37 Attempt to override final function - rscunitinfo_script
20:42:37 Attempt to override final function - rscunitinfo_script
20:42:37 Attempt to override final function - rscunitinfo_script
20:42:37 Attempt to override final function - rscunitinfo_script
20:42:37 Attempt to override final function - rscunitinfo_script
20:42:37 Attempt to override final function - rscunitinfo_script
20:42:37 Attempt to override final function - bis_fnc_init
20:42:37 EPE manager release (0|0|0)
20:42:37 EPE manager release (0|0|0)
20:42:38 VoteThreshold must be in 0..1 range. Defaulting to 0.5
20:42:40 Initializing Steam server - Game Port: 2302, Steam Query Port: 2303
20:42:41 EPE manager release (0|0|0)
20:42:41 EPE manager release (0|0|0)
20:42:41 EPE manager release (0|0|0)
20:42:41 EPE manager release (0|0|0)
20:42:42 Starting mission:
20:42:42  Mission file: epoch (__cur_mp)
20:42:42  Mission world: Altis
20:42:42  Mission directory: mpmissions\__cur_mp.Altis\
20:42:42 EPE manager release (0|0|0)
20:42:42 EPE manager release (0|0|0)
20:42:49 Strange convex component08 in a3\structures_f_epb\civ\garbage\garbagecontainer_closed_f.p3d:geometryView
20:42:49 Strange convex component10 in a3\structures_f_epb\civ\garbage\garbagecontainer_closed_f.p3d:geometryView
20:42:50 Strange convex component145 in a3\plants_f\tree\t_pinuss2s_b_f.p3d:geometryView
20:42:50 Strange convex component149 in a3\plants_f\tree\t_pinuss2s_b_f.p3d:geometryView
20:42:52 Strange convex component01 in a3\structures_f_epc\civ\accessories\beachbooth_01_f.p3d:geometryView
20:42:52 Strange convex component02 in a3\structures_f_epc\civ\accessories\beachbooth_01_f.p3d:geometryView
20:42:52 Strange convex component03 in a3\structures_f_epc\civ\accessories\beachbooth_01_f.p3d:geometryView
20:42:52 Strange convex component04 in a3\structures_f_epc\civ\accessories\beachbooth_01_f.p3d:geometryView
20:43:00 EPE manager release (0|0|0)
20:43:00 EPE manager release (0|0|0)
20:43:00 Attempt to override final function - bis_functions_list
20:43:00 Attempt to override final function - bis_functions_listpreinit
20:43:00 Attempt to override final function - bis_functions_listpostinit
20:43:00 Attempt to override final function - bis_functions_listrecompile
20:43:01 Attempt to override final function - bis_fnc_missiontaskslocal
20:43:01 Attempt to override final function - bis_fnc_missionconversationslocal
20:43:01 Attempt to override final function - bis_fnc_missionflow
20:43:01 "Epoch: Init Compiles"
20:43:01 "[A3EAI] Initializing A3EAI version 0.5.8 Alpha using base path a3eai."
20:43:01 "[A3EAI] Reading A3EAI configuration file."
20:43:01 "[A3EAI] A3EAI configuration file loaded."
20:43:01 "[A3EAI] Verified all A3EAI settings in 0.0019989 seconds."
20:43:01 "[A3EAI] Compiling A3EAI functions."
20:43:01 "[A3EAI] A3EAI functions compiled."
20:43:01 "[A3EAI] A3EAI settings: Debug Level: 0. DebugMarkers: false. WorldName: altis. VerifyClassnames: true. VerifySettings: true."
20:43:01 "[A3EAI] AI spawn settings: Static: true. Dynamic: true. Random: true. Air: false. Land: false."
20:43:01 "[A3EAI] A3EAI loading completed in 0.0489998 seconds."
20:43:01 Connected to Steam servers
20:43:01 "#SEM: Initialize Simple Epoch Missions"
20:43:01 Attempt to override final function - bis_fnc_init
20:43:01 EPE manager release (0|0|0)
20:43:01 EPE manager release (0|0|0)
20:43:02 EPE manager release (0|1|0)
20:43:02 EPE manager release (0|0|0)
20:43:02 c:\w\stable\futura\lib\network\networkserver.cpp ClearNetServer:NOT IMPLEMENTED - briefing!
20:43:03 Extensions:
